<?xml version="1.0" encoding="UTF-8"?>
<!-- Generated by org.testng.reporters.JUnitXMLReporter -->
<testsuite ignored="0" hostname="Alephs-MacBook-Pro.local" failures="1" tests="7" name="Test" time="195.474" errors="0" timestamp="2023-03-15T16:15:37 ICT">
  <testcase classname="com.automation.testcase.TC_LoginTest" name="TC01_LoginFirstAccount" time="45.612">
    <failure type="org.openqa.selenium.TimeoutException" message="Expected condition failed: waiting for visibility of element located by By.xpath: //a[@href=&amp;apos;/logout&amp;apos;] (tried for 30 second(s) with 500 milliseconds interval)">
      <![CDATA[org.openqa.selenium.TimeoutException: Expected condition failed: waiting for visibility of element located by By.xpath: //a[@href='/logout'] (tried for 30 second(s) with 500 milliseconds interval)
at org.openqa.selenium.support.ui.WebDriverWait.timeoutException(WebDriverWait.java:95)
at org.openqa.selenium.support.ui.FluentWait.until(FluentWait.java:272)
at com.automation.testcase.TC_LoginTest.TC01_LoginFirstAccount(TC_LoginTest.java:49)
at java.base/java.util.ArrayList.forEach(ArrayList.java:1511)
Caused by: org.openqa.selenium.NoSuchElementException: no such element: Unable to locate element: {"method":"xpath","selector":"//a[@href='/logout']"}
  (Session info: chrome=111.0.5563.64)
For documentation on this error, please visit: https://www.seleniumhq.org/exceptions/no_such_element.html
Build info: version: '3.141.59', revision: 'e82be7d358', time: '2018-11-14T08:17:03'
System info: host: 'Alephs-MacBook-Pro.local', ip: 'fe80:0:0:0:1c2d:de7a:72a1:3d77%en0', os.name: 'Mac OS X', os.arch: 'x86_64', os.version: '11.7.2', java.version: '17.0.6'
Driver info: org.openqa.selenium.chrome.ChromeDriver
Capabilities {acceptInsecureCerts: false, browserName: chrome, browserVersion: 111.0.5563.64, chrome: {chromedriverVersion: 111.0.5563.64 (c710e93d5b63..., userDataDir: /var/folders/32/0fmsmkx12t3...}, goog:chromeOptions: {debuggerAddress: localhost:57832}, javascriptEnabled: true, networkConnectionEnabled: false, pageLoadStrategy: normal, platform: MAC, platformName: MAC, proxy: Proxy(), setWindowRect: true, strictFileInteractability: false, timeouts: {implicit: 0, pageLoad: 300000, script: 30000}, unhandledPromptBehavior: dismiss and notify, webauthn:extension:credBlob: true, webauthn:extension:largeBlob: true, webauthn:extension:minPinLength: true, webauthn:extension:prf: true, webauthn:virtualAuthenticators: true}
Session ID: e43b2013065cbbe25cf2bd85ddf54fa0
*** Element info: {Using=xpath, value=//a[@href='/logout']}
at org.openqa.selenium.remote.http.W3CHttpResponseCodec.createException(W3CHttpResponseCodec.java:187)
at org.openqa.selenium.remote.http.W3CHttpResponseCodec.decode(W3CHttpResponseCodec.java:122)
at org.openqa.selenium.remote.http.W3CHttpResponseCodec.decode(W3CHttpResponseCodec.java:49)
at org.openqa.selenium.remote.HttpCommandExecutor.execute(HttpCommandExecutor.java:158)
at org.openqa.selenium.remote.service.DriverCommandExecutor.execute(DriverCommandExecutor.java:83)
at org.openqa.selenium.remote.RemoteWebDriver.execute(RemoteWebDriver.java:552)
at org.openqa.selenium.remote.RemoteWebDriver.findElement(RemoteWebDriver.java:323)
at org.openqa.selenium.remote.RemoteWebDriver.findElementByXPath(RemoteWebDriver.java:428)
at org.openqa.selenium.By$ByXPath.findElement(By.java:353)
at org.openqa.selenium.remote.RemoteWebDriver.findElement(RemoteWebDriver.java:315)
at org.openqa.selenium.support.ui.ExpectedConditions$7.apply(ExpectedConditions.java:205)
at org.openqa.selenium.support.ui.ExpectedConditions$7.apply(ExpectedConditions.java:201)
at org.openqa.selenium.support.ui.FluentWait.until(FluentWait.java:249)
... 29 more
... Removed 31 stack frames]]>
    </failure>
  </testcase> <!-- TC01_LoginFirstAccount -->
  <testcase classname="com.automation.testcase.TC_LoginTest" name="TC01_LoginFirstAccount" time="27.119"/>
  <testcase classname="com.automation.testcase.TC_LoginTest" name="TC01_LoginFirstAccount" time="27.989"/>
  <testcase classname="com.automation.testcase.TC_LoginTest" name="TC01_LoginFirstAccount" time="22.958"/>
  <testcase classname="com.automation.testcase.TC_LoginTest" name="TC01_LoginFirstAccount" time="19.837"/>
  <testcase classname="com.automation.testcase.TC_LoginTest" name="TC01_LoginFirstAccount" time="25.133"/>
  <testcase classname="com.automation.testcase.TC_LoginTest" name="TC01_LoginFirstAccount" time="22.339"/>
</testsuite> <!-- Test -->
