<?xml version="1.0" encoding="UTF-8"?>
<!-- Generated by org.testng.reporters.JUnitXMLReporter -->
<testsuite ignored="0" hostname="Alephs-MacBook-Pro.local" failures="2" tests="2" name="Test" time="6.809" errors="0" timestamp="2023-03-15T11:27:47 ICT">
  <testcase classname="Lab_7_Selenium.Lab7DemoTest" name="TC01_LoginFirstAccount" time="0.004">
    <failure type="java.lang.Error" message="Unresolved compilation problem: 
	The method assertEquals(boolean, boolean) in the type AssertJUnit is not applicable for the arguments (boolean, boolean, String)
">
      <![CDATA[java.lang.Error: Unresolved compilation problem: 
The method assertEquals(boolean, boolean) in the type AssertJUnit is not applicable for the arguments (boolean, boolean, String)

at Lab_7_Selenium.Lab7DemoTest.TC01_LoginFirstAccount(Lab7DemoTest.java:73)
at java.base/java.util.ArrayList.forEach(ArrayList.java:1511)
... Removed 27 stack frames]]>
    </failure>
  </testcase> <!-- TC01_LoginFirstAccount -->
  <testcase classname="Lab_7_Selenium.Lab7DemoTest" name="TC02_LoginSecondAccount" time="0.001">
    <failure type="java.lang.Error" message="Unresolved compilation problem: 
	The method assertEquals(boolean, boolean) in the type AssertJUnit is not applicable for the arguments (boolean, boolean, String)
">
      <![CDATA[java.lang.Error: Unresolved compilation problem: 
The method assertEquals(boolean, boolean) in the type AssertJUnit is not applicable for the arguments (boolean, boolean, String)

at Lab_7_Selenium.Lab7DemoTest.TC02_LoginSecondAccount(Lab7DemoTest.java:97)
at java.base/java.util.ArrayList.forEach(ArrayList.java:1511)
... Removed 27 stack frames]]>
    </failure>
  </testcase> <!-- TC02_LoginSecondAccount -->
</testsuite> <!-- Test -->
