<?xml version="1.0" encoding="UTF-8"?>
<testng-results ignored="0" total="10" passed="9" failed="1" skipped="0">
  <reporter-output>
  </reporter-output>
  <suite started-at="2023-03-24T20:22:53 ICT" name="Suite" finished-at="2023-03-24T20:22:56 ICT" duration-ms="3619">
    <groups>
    </groups>
    <test started-at="2023-03-24T20:22:53 ICT" name="Login" finished-at="2023-03-24T20:22:56 ICT" duration-ms="3339">
      <class name="com.api.auto.testcase.TC_API_Login">
        <test-method is-config="true" signature="init()[pri:0, instance:com.api.auto.testcase.TC_API_Login@649bec2e]" started-at="2023-03-24T20:22:53 ICT" name="init" finished-at="2023-03-24T20:22:56 ICT" duration-ms="3186" status="PASS">
          <reporter-output>
          </reporter-output>
        </test-method> <!-- init -->
        <test-method signature="TC01_Validate200ok()[pri:0, instance:com.api.auto.testcase.TC_API_Login@649bec2e]" started-at="2023-03-24T20:22:56 ICT" name="TC01_Validate200ok" finished-at="2023-03-24T20:22:56 ICT" duration-ms="6" status="PASS">
          <reporter-output>
          </reporter-output>
        </test-method> <!-- TC01_Validate200ok -->
        <test-method signature="TC02_ValidateMessage()[pri:1, instance:com.api.auto.testcase.TC_API_Login@649bec2e]" started-at="2023-03-24T20:22:56 ICT" name="TC02_ValidateMessage" finished-at="2023-03-24T20:22:56 ICT" duration-ms="22" status="PASS">
          <reporter-output>
          </reporter-output>
        </test-method> <!-- TC02_ValidateMessage -->
        <test-method signature="TC03_ValidateToken()[pri:2, instance:com.api.auto.testcase.TC_API_Login@649bec2e]" started-at="2023-03-24T20:22:56 ICT" name="TC03_ValidateToken" finished-at="2023-03-24T20:22:56 ICT" duration-ms="1" status="PASS">
          <reporter-output>
          </reporter-output>
        </test-method> <!-- TC03_ValidateToken -->
        <test-method signature="TC04_ValidateUserType()[pri:3, instance:com.api.auto.testcase.TC_API_Login@649bec2e]" started-at="2023-03-24T20:22:56 ICT" name="TC04_ValidateUserType" finished-at="2023-03-24T20:22:56 ICT" duration-ms="27" status="PASS">
          <reporter-output>
          </reporter-output>
        </test-method> <!-- TC04_ValidateUserType -->
        <test-method signature="TC05_ValidateAccount()[pri:4, instance:com.api.auto.testcase.TC_API_Login@649bec2e]" started-at="2023-03-24T20:22:56 ICT" name="TC05_ValidateAccount" finished-at="2023-03-24T20:22:56 ICT" duration-ms="44" status="FAIL">
          <exception class="java.lang.AssertionError">
            <message>
              <![CDATA[Response Password is different with User password! expected [Abc135790] but found [Abc13579]]]>
            </message>
            <full-stacktrace>
              <![CDATA[java.lang.AssertionError: Response Password is different with User password! expected [Abc135790] but found [Abc13579]
at org.testng.Assert.fail(Assert.java:99)
at org.testng.Assert.failNotEquals(Assert.java:1037)
at org.testng.Assert.assertEqualsImpl(Assert.java:140)
at org.testng.Assert.assertEquals(Assert.java:122)
at org.testng.Assert.assertEquals(Assert.java:629)
at com.api.auto.testcase.TC_API_Login.TC05_ValidateAccount(TC_API_Login.java:86)
at java.base/jdk.internal.reflect.NativeMethodAccessorImpl.invoke0(Native Method)
at java.base/jdk.internal.reflect.NativeMethodAccessorImpl.invoke(NativeMethodAccessorImpl.java:77)
at java.base/jdk.internal.reflect.DelegatingMethodAccessorImpl.invoke(DelegatingMethodAccessorImpl.java:43)
at java.base/java.lang.reflect.Method.invoke(Method.java:568)
at org.testng.internal.MethodInvocationHelper.invokeMethod(MethodInvocationHelper.java:133)
at org.testng.internal.TestInvoker.invokeMethod(TestInvoker.java:598)
at org.testng.internal.TestInvoker.invokeTestMethod(TestInvoker.java:173)
at org.testng.internal.MethodRunner.runInSequence(MethodRunner.java:46)
at org.testng.internal.TestInvoker$MethodInvocationAgent.invoke(TestInvoker.java:824)
at org.testng.internal.TestInvoker.invokeTestMethods(TestInvoker.java:146)
at org.testng.internal.TestMethodWorker.invokeTestMethods(TestMethodWorker.java:146)
at org.testng.internal.TestMethodWorker.run(TestMethodWorker.java:128)
at java.base/java.util.ArrayList.forEach(ArrayList.java:1511)
at org.testng.TestRunner.privateRun(TestRunner.java:794)
at org.testng.TestRunner.run(TestRunner.java:596)
at org.testng.SuiteRunner.runTest(SuiteRunner.java:377)
at org.testng.SuiteRunner.runSequentially(SuiteRunner.java:371)
at org.testng.SuiteRunner.privateRun(SuiteRunner.java:332)
at org.testng.SuiteRunner.run(SuiteRunner.java:276)
at org.testng.SuiteRunnerWorker.runSuite(SuiteRunnerWorker.java:53)
at org.testng.SuiteRunnerWorker.run(SuiteRunnerWorker.java:96)
at org.testng.TestNG.runSuitesSequentially(TestNG.java:1212)
at org.testng.TestNG.runSuitesLocally(TestNG.java:1134)
at org.testng.TestNG.runSuites(TestNG.java:1063)
at org.testng.TestNG.run(TestNG.java:1031)
at org.testng.remote.AbstractRemoteTestNG.run(AbstractRemoteTestNG.java:115)
at org.testng.remote.RemoteTestNG.initAndRun(RemoteTestNG.java:251)
at org.testng.remote.RemoteTestNG.main(RemoteTestNG.java:77)
]]>
            </full-stacktrace>
          </exception> <!-- java.lang.AssertionError -->
          <reporter-output>
          </reporter-output>
        </test-method> <!-- TC05_ValidateAccount -->
      </class> <!-- com.api.auto.testcase.TC_API_Login -->
    </test> <!-- Login -->
    <test started-at="2023-03-24T20:22:56 ICT" name="Create Work" finished-at="2023-03-24T20:22:56 ICT" duration-ms="234">
      <class name="com.api.auto.testcase.TC_API_CreateWork">
        <test-method is-config="true" signature="init()[pri:0, instance:com.api.auto.testcase.TC_API_CreateWork@2a54a73f]" started-at="2023-03-24T20:22:56 ICT" name="init" finished-at="2023-03-24T20:22:56 ICT" duration-ms="151" status="PASS">
          <reporter-output>
          </reporter-output>
        </test-method> <!-- init -->
        <test-method signature="TC01_Validate201Created()[pri:0, instance:com.api.auto.testcase.TC_API_CreateWork@2a54a73f]" started-at="2023-03-24T20:22:56 ICT" name="TC01_Validate201Created" finished-at="2023-03-24T20:22:56 ICT" duration-ms="2" status="PASS">
          <reporter-output>
          </reporter-output>
        </test-method> <!-- TC01_Validate201Created -->
        <test-method signature="TC02_ValidateWorkId()[pri:1, instance:com.api.auto.testcase.TC_API_CreateWork@2a54a73f]" started-at="2023-03-24T20:22:56 ICT" name="TC02_ValidateWorkId" finished-at="2023-03-24T20:22:56 ICT" duration-ms="1" status="PASS">
          <reporter-output>
          </reporter-output>
        </test-method> <!-- TC02_ValidateWorkId -->
        <test-method signature="TC03_ValidateNameOfWorkMatched()[pri:2, instance:com.api.auto.testcase.TC_API_CreateWork@2a54a73f]" started-at="2023-03-24T20:22:56 ICT" name="TC03_ValidateNameOfWorkMatched" finished-at="2023-03-24T20:22:56 ICT" duration-ms="30" status="PASS">
          <reporter-output>
          </reporter-output>
        </test-method> <!-- TC03_ValidateNameOfWorkMatched -->
        <test-method signature="TC04_ValidateExperienceMatched()[pri:3, instance:com.api.auto.testcase.TC_API_CreateWork@2a54a73f]" started-at="2023-03-24T20:22:56 ICT" name="TC04_ValidateExperienceMatched" finished-at="2023-03-24T20:22:56 ICT" duration-ms="17" status="PASS">
          <reporter-output>
          </reporter-output>
        </test-method> <!-- TC04_ValidateExperienceMatched -->
        <test-method signature="TC05_ValidateEducationMatched()[pri:4, instance:com.api.auto.testcase.TC_API_CreateWork@2a54a73f]" started-at="2023-03-24T20:22:56 ICT" name="TC05_ValidateEducationMatched" finished-at="2023-03-24T20:22:56 ICT" duration-ms="18" status="PASS">
          <reporter-output>
          </reporter-output>
        </test-method> <!-- TC05_ValidateEducationMatched -->
      </class> <!-- com.api.auto.testcase.TC_API_CreateWork -->
    </test> <!-- Create Work -->
  </suite> <!-- Suite -->
</testng-results>
